[0317/143947.553:ERROR:process_reader_win.cc(151)] SuspendThread: Access is denied. (0x5)
[0317/143947.554:ERROR:exception_snapshot_win.cc(98)] thread ID 9040 not found in process
[0317/192235.980:ERROR:process_reader_win.cc(151)] SuspendThread: Access is denied. (0x5)
[0317/192235.983:ERROR:exception_snapshot_win.cc(98)] thread ID 17528 not found in process
[0317/192235.983:ERROR:scoped_process_suspend.cc(40)] NtResumeProcess: An attempt was made to access an exiting process. (0xc000010a)
[0317/192328.887:ERROR:process_memory_win.cc(73)] ReadMemory at 0x7ff7b1280000 of 64 bytes failed: Only part of a ReadProcessMemory or WriteProcessMemory request was completed. (0x12B)
[0317/192328.888:WARNING:pe_image_reader.cc(340)] could not read dos header from C:\Program Files (x86)\Google\Chrome\Application\chrome.exe
[0317/192328.888:ERROR:process_memory_win.cc(73)] ReadMemory at 0x7ffa356e0000 of 64 bytes failed: Only part of a ReadProcessMemory or WriteProcessMemory request was completed. (0x12B)
[0317/192328.888:WARNING:pe_image_reader.cc(340)] could not read dos header from C:\WINDOWS\SYSTEM32\ntdll.dll
[0317/192328.888:ERROR:process_memory_win.cc(73)] ReadMemory at 0x7ffa34f70000 of 64 bytes failed: Only part of a ReadProcessMemory or WriteProcessMemory request was completed. (0x12B)
[0317/192328.888:WARNING:pe_image_reader.cc(340)] could not read dos header from C:\WINDOWS\System32\KERNEL32.DLL
[0317/192328.888:ERROR:process_memory_win.cc(73)] ReadMemory at 0x7ffa32df0000 of 64 bytes failed: Only part of a ReadProcessMemory or WriteProcessMemory request was completed. (0x12B)
[0317/192328.889:WARNING:pe_image_reader.cc(340)] could not read dos header from C:\WINDOWS\System32\KERNELBASE.dll
[0317/192328.889:ERROR:process_memory_win.cc(73)] ReadMemory at 0x7ffa12a90000 of 64 bytes failed: Only part of a ReadProcessMemory or WriteProcessMemory request was completed. (0x12B)
[0317/192328.889:WARNING:pe_image_reader.cc(340)] could not read dos header from C:\Program Files (x86)\Google\Chrome\Application\80.0.3987.132\chrome_elf.dll
[0317/192328.889:ERROR:process_memory_win.cc(73)] ReadMemory at 0x7ffa27270000 of 64 bytes failed: Only part of a ReadProcessMemory or WriteProcessMemory request was completed. (0x12B)
[0317/192328.889:WARNING:pe_image_reader.cc(340)] could not read dos header from C:\WINDOWS\SYSTEM32\VERSION.dll
[0317/192328.889:ERROR:process_memory_win.cc(73)] ReadMemory at 0x7ffa338b0000 of 64 bytes failed: Only part of a ReadProcessMemory or WriteProcessMemory request was completed. (0x12B)
[0317/192328.889:WARNING:pe_image_reader.cc(340)] could not read dos header from C:\WINDOWS\System32\msvcrt.dll
[0317/192328.889:ERROR:process_memory_win.cc(73)] ReadMemory at 0x7ffa336b0000 of 64 bytes failed: Only part of a ReadProcessMemory or WriteProcessMemory request was completed. (0x12B)
[0317/192328.889:WARNING:pe_image_reader.cc(340)] could not read dos header from C:\WINDOWS\System32\bcryptPrimitives.dll
[0317/192328.889:ERROR:process_memory_win.cc(73)] ReadMemory at 0x7ffa34d20000 of 64 bytes failed: Only part of a ReadProcessMemory or WriteProcessMemory request was completed. (0x12B)
[0317/192328.889:WARNING:pe_image_reader.cc(340)] could not read dos header from C:\WINDOWS\System32\ADVAPI32.dll
[0317/192328.889:ERROR:process_memory_win.cc(73)] ReadMemory at 0x7ffa34720000 of 64 bytes failed: Only part of a ReadProcessMemory or WriteProcessMemory request was completed. (0x12B)
[0317/192328.889:WARNING:pe_image_reader.cc(340)] could not read dos header from C:\WINDOWS\System32\sechost.dll
[0317/192328.889:ERROR:process_memory_win.cc(73)] ReadMemory at 0x7ffa33790000 of 64 bytes failed: Only part of a ReadProcessMemory or WriteProcessMemory request was completed. (0x12B)
[0317/192328.889:WARNING:pe_image_reader.cc(340)] could not read dos header from C:\WINDOWS\System32\RPCRT4.dll
[0317/192328.889:ERROR:process_memory_win.cc(73)] ReadMemory at 0x7ff9e2e00000 of 64 bytes failed: Only part of a ReadProcessMemory or WriteProcessMemory request was completed. (0x12B)
[0317/192328.889:WARNING:pe_image_reader.cc(340)] could not read dos header from C:\Program Files (x86)\Google\Chrome\Application\80.0.3987.132\chrome.dll
[0317/192328.889:ERROR:process_memory_win.cc(73)] ReadMemory at 0x7ffa34c70000 of 64 bytes failed: Only part of a ReadProcessMemory or WriteProcessMemory request was completed. (0x12B)
[0317/192328.890:WARNING:pe_image_reader.cc(340)] could not read dos header from C:\WINDOWS\System32\WS2_32.dll
[0317/192328.890:ERROR:process_memory_win.cc(73)] ReadMemory at 0x7ffa35160000 of 64 bytes failed: Only part of a ReadProcessMemory or WriteProcessMemory request was completed. (0x12B)
[0317/192328.890:WARNING:pe_image_reader.cc(340)] could not read dos header from C:\WINDOWS\System32\OLEAUT32.dll
[0317/192328.890:ERROR:process_memory_win.cc(73)] ReadMemory at 0x7ffa33390000 of 64 bytes failed: Only part of a ReadProcessMemory or WriteProcessMemory request was completed. (0x12B)
[0317/192328.890:WARNING:pe_image_reader.cc(340)] could not read dos header from C:\WINDOWS\System32\msvcp_win.dll
[0317/192328.890:ERROR:process_memory_win.cc(73)] ReadMemory at 0x7ffa335b0000 of 64 bytes failed: Only part of a ReadProcessMemory or WriteProcessMemory request was completed. (0x12B)
[0317/192328.890:WARNING:pe_image_reader.cc(340)] could not read dos header from C:\WINDOWS\System32\ucrtbase.dll
[0317/192328.890:ERROR:process_memory_win.cc(73)] ReadMemory at 0x7ffa33ac0000 of 64 bytes failed: Only part of a ReadProcessMemory or WriteProcessMemory request was completed. (0x12B)
[0317/192328.890:WARNING:pe_image_reader.cc(340)] could not read dos header from C:\WINDOWS\System32\combase.dll
[0317/192328.890:ERROR:process_memory_win.cc(73)] ReadMemory at 0x7ffa33730000 of 64 bytes failed: Only part of a ReadProcessMemory or WriteProcessMemory request was completed. (0x12B)
[0317/192328.890:WARNING:pe_image_reader.cc(340)] could not read dos header from C:\WINDOWS\System32\WINTRUST.dll
[0317/192328.890:ERROR:process_memory_win.cc(73)] ReadMemory at 0x7ffa32620000 of 64 bytes failed: Only part of a ReadProcessMemory or WriteProcessMemory request was completed. (0x12B)
[0317/192328.890:WARNING:pe_image_reader.cc(340)] could not read dos header from C:\WINDOWS\System32\MSASN1.dll
[0317/192328.890:ERROR:process_memory_win.cc(73)] ReadMemory at 0x7ffa330a0000 of 64 bytes failed: Only part of a ReadProcessMemory or WriteProcessMemory request was completed. (0x12B)
[0317/192328.890:WARNING:pe_image_reader.cc(340)] could not read dos header from C:\WINDOWS\System32\CRYPT32.dll
[0317/192328.890:ERROR:process_memory_win.cc(73)] ReadMemory at 0x7ffa31b20000 of 64 bytes failed: Only part of a ReadProcessMemory or WriteProcessMemory request was completed. (0x12B)
[0317/192328.890:WARNING:pe_image_reader.cc(340)] could not read dos header from C:\WINDOWS\SYSTEM32\IPHLPAPI.DLL
[0317/192328.890:ERROR:process_memory_win.cc(73)] ReadMemory at 0x7ffa2fc60000 of 64 bytes failed: Only part of a ReadProcessMemory or WriteProcessMemory request was completed. (0x12B)
[0317/192328.890:WARNING:pe_image_reader.cc(340)] could not read dos header from C:\WINDOWS\SYSTEM32\WINMM.dll
[0317/192328.890:ERROR:process_memory_win.cc(73)] ReadMemory at 0x7ffa1e660000 of 64 bytes failed: Only part of a ReadProcessMemory or WriteProcessMemory request was completed. (0x12B)
[0317/192328.891:WARNING:pe_image_reader.cc(340)] could not read dos header from C:\WINDOWS\SYSTEM32\Secur32.dll
[0317/192328.891:ERROR:process_memory_win.cc(73)] ReadMemory at 0x7ffa324c0000 of 64 bytes failed: Only part of a ReadProcessMemory or WriteProcessMemory request was completed. (0x12B)
[0317/192328.891:WARNING:pe_image_reader.cc(340)] could not read dos header from C:\WINDOWS\SYSTEM32\USERENV.dll
[0317/192328.891:ERROR:process_memory_win.cc(73)] ReadMemory at 0x7ffa32640000 of 64 bytes failed: Only part of a ReadProcessMemory or WriteProcessMemory request was completed. (0x12B)
[0317/192328.891:WARNING:pe_image_reader.cc(340)] could not read dos header from C:\WINDOWS\System32\profapi.dll
[0317/192328.891:ERROR:process_memory_win.cc(73)] ReadMemory at 0x7ffa008b0000 of 64 bytes failed: Only part of a ReadProcessMemory or WriteProcessMemory request was completed. (0x12B)
[0317/192328.891:WARNING:pe_image_reader.cc(340)] could not read dos header from C:\WINDOWS\SYSTEM32\UIAutomationCore.DLL
[0317/192328.891:ERROR:process_memory_win.cc(73)] ReadMemory at 0x7ffa0fcf0000 of 64 bytes failed: Only part of a ReadProcessMemory or WriteProcessMemory request was completed. (0x12B)
[0317/192328.891:WARNING:pe_image_reader.cc(340)] could not read dos header from C:\WINDOWS\SYSTEM32\DWrite.dll
[0317/192328.891:ERROR:process_memory_win.cc(73)] ReadMemory at 0x7ffa20660000 of 64 bytes failed: Only part of a ReadProcessMemory or WriteProcessMemory request was completed. (0x12B)
[0317/192328.891:WARNING:pe_image_reader.cc(340)] could not read dos header from C:\WINDOWS\SYSTEM32\WINSPOOL.DRV
[0317/192328.891:ERROR:process_memory_win.cc(73)] ReadMemory at 0x7ffa325b0000 of 64 bytes failed: Only part of a ReadProcessMemory or WriteProcessMemory request was completed. (0x12B)
[0317/192328.891:WARNING:pe_image_reader.cc(340)] could not read dos header from C:\WINDOWS\System32\kernel.appcore.dll
[0317/192328.891:ERROR:process_memory_win.cc(73)] ReadMemory at 0x7ffa33530000 of 64 bytes failed: Only part of a ReadProcessMemory or WriteProcessMemory request was completed. (0x12B)
[0317/192328.891:WARNING:pe_image_reader.cc(340)] could not read dos header from C:\WINDOWS\System32\bcrypt.dll
[0317/192328.891:ERROR:process_memory_win.cc(73)] ReadMemory at 0x7ffa30e50000 of 64 bytes failed: Only part of a ReadProcessMemory or WriteProcessMemory request was completed. (0x12B)
[0317/192328.891:WARNING:pe_image_reader.cc(340)] could not read dos header from C:\WINDOWS\SYSTEM32\dbghelp.dll
[0317/192328.891:ERROR:process_memory_win.cc(73)] ReadMemory at 0x7ffa21380000 of 64 bytes failed: Only part of a ReadProcessMemory or WriteProcessMemory request was completed. (0x12B)
[0317/192328.891:WARNING:pe_image_reader.cc(340)] could not read dos header from C:\WINDOWS\SYSTEM32\WINHTTP.dll
[0317/192328.892:ERROR:process_memory_win.cc(73)] ReadMemory at 0x7ffa24b20000 of 64 bytes failed: Only part of a ReadProcessMemory or WriteProcessMemory request was completed. (0x12B)
[0317/192328.892:WARNING:pe_image_reader.cc(340)] could not read dos header from C:\WINDOWS\SYSTEM32\dhcpcsvc.DLL
[0317/192328.892:ERROR:process_memory_win.cc(73)] ReadMemory at 0x7ffa344f0000 of 64 bytes failed: Only part of a ReadProcessMemory or WriteProcessMemory request was completed. (0x12B)
[0317/192328.892:WARNING:pe_image_reader.cc(340)] could not read dos header from C:\WINDOWS\System32\NSI.dll
[0317/192328.892:ERROR:process_memory_win.cc(73)] ReadMemory at 0x7ffa2fc30000 of 64 bytes failed: Only part of a ReadProcessMemory or WriteProcessMemory request was completed. (0x12B)
[0317/192328.892:WARNING:pe_image_reader.cc(340)] could not read dos header from C:\WINDOWS\SYSTEM32\WINMMBASE.dll
[0317/192328.892:ERROR:process_memory_win.cc(73)] ReadMemory at 0x7ffa33560000 of 64 bytes failed: Only part of a ReadProcessMemory or WriteProcessMemory request was completed. (0x12B)
[0317/192328.892:WARNING:pe_image_reader.cc(340)] could not read dos header from C:\WINDOWS\System32\cfgmgr32.dll
[0317/192328.892:ERROR:process_memory_win.cc(73)] ReadMemory at 0x7ffa31050000 of 64 bytes failed: Only part of a ReadProcessMemory or WriteProcessMemory request was completed. (0x12B)
[0317/192328.892:WARNING:pe_image_reader.cc(340)] could not read dos header from C:\WINDOWS\SYSTEM32\PROPSYS.dll
[0317/192328.892:ERROR:process_memory_win.cc(73)] ReadMemory at 0x7ffa34820000 of 64 bytes failed: Only part of a ReadProcessMemory or WriteProcessMemory request was completed. (0x12B)
[0317/192328.892:WARNING:pe_image_reader.cc(340)] could not read dos header from C:\WINDOWS\System32\shcore.dll
[0317/192328.892:ERROR:process_memory_win.cc(73)] ReadMemory at 0x7ffa32490000 of 64 bytes failed: Only part of a ReadProcessMemory or WriteProcessMemory request was completed. (0x12B)
[0317/192328.892:WARNING:pe_image_reader.cc(340)] could not read dos header from C:\WINDOWS\SYSTEM32\SSPICLI.DLL
[0317/192328.892:ERROR:process_memory_win.cc(73)] ReadMemory at 0x7ffa33e00000 of 64 bytes failed: Only part of a ReadProcessMemory or WriteProcessMemory request was completed. (0x12B)
[0317/192328.892:WARNING:pe_image_reader.cc(340)] could not read dos header from C:\WINDOWS\System32\SHELL32.dll
[0317/192328.892:ERROR:process_memory_win.cc(73)] ReadMemory at 0x7ffa32670000 of 64 bytes failed: Only part of a ReadProcessMemory or WriteProcessMemory request was completed. (0x12B)
[0317/192328.892:WARNING:pe_image_reader.cc(340)] could not read dos header from C:\WINDOWS\System32\windows.storage.dll
[0317/192328.892:ERROR:process_memory_win.cc(73)] ReadMemory at 0x7ffa325d0000 of 64 bytes failed: Only part of a ReadProcessMemory or WriteProcessMemory request was completed. (0x12B)
[0317/192328.892:WARNING:pe_image_reader.cc(340)] could not read dos header from C:\WINDOWS\System32\powrprof.dll
[0317/192328.893:ERROR:process_memory_win.cc(73)] ReadMemory at 0x7ffa325a0000 of 64 bytes failed: Only part of a ReadProcessMemory or WriteProcessMemory request was completed. (0x12B)
[0317/192328.893:WARNING:pe_image_reader.cc(340)] could not read dos header from C:\WINDOWS\System32\UMPDC.dll
[0317/192328.893:ERROR:process_memory_win.cc(73)] ReadMemory at 0x7ffa347c0000 of 64 bytes failed: Only part of a ReadProcessMemory or WriteProcessMemory request was completed. (0x12B)
[0317/192328.893:WARNING:pe_image_reader.cc(340)] could not read dos header from C:\WINDOWS\System32\shlwapi.dll
[0317/192328.893:ERROR:process_memory_win.cc(73)] ReadMemory at 0x7ffa33a90000 of 64 bytes failed: Only part of a ReadProcessMemory or WriteProcessMemory request was completed. (0x12B)
[0317/192328.893:WARNING:pe_image_reader.cc(340)] could not read dos header from C:\WINDOWS\System32\GDI32.dll
[0317/192328.893:ERROR:process_memory_win.cc(73)] ReadMemory at 0x7ffa33430000 of 64 bytes failed: Only part of a ReadProcessMemory or WriteProcessMemory request was completed. (0x12B)
[0317/192328.893:WARNING:pe_image_reader.cc(340)] could not read dos header from C:\WINDOWS\System32\win32u.dll
[0317/192328.893:ERROR:process_memory_win.cc(73)] ReadMemory at 0x7ffa331f0000 of 64 bytes failed: Only part of a ReadProcessMemory or WriteProcessMemory request was completed. (0x12B)
[0317/192328.893:WARNING:pe_image_reader.cc(340)] could not read dos header from C:\WINDOWS\System32\gdi32full.dll
[0317/192328.893:ERROR:process_memory_win.cc(73)] ReadMemory at 0x7ffa34dd0000 of 64 bytes failed: Only part of a ReadProcessMemory or WriteProcessMemory request was completed. (0x12B)
[0317/192328.894:WARNING:pe_image_reader.cc(340)] could not read dos header from C:\WINDOWS\System32\USER32.dll
[0317/192328.894:ERROR:process_memory_win.cc(73)] ReadMemory at 0x7ffa33460000 of 64 bytes failed: Only part of a ReadProcessMemory or WriteProcessMemory request was completed. (0x12B)
[0317/192328.894:WARNING:pe_image_reader.cc(340)] could not read dos header from C:\WINDOWS\System32\cryptsp.dll
[0317/192328.894:ERROR:process_memory_win.cc(73)] ReadMemory at 0x7ffa34ce0000 of 64 bytes failed: Only part of a ReadProcessMemory or WriteProcessMemory request was completed. (0x12B)
[0317/192328.894:WARNING:pe_image_reader.cc(340)] could not read dos header from C:\WINDOWS\System32\IMM32.DLL
[0317/192328.894:ERROR:process_memory_win.cc(73)] ReadMemory at 0x7ffa31fe0000 of 64 bytes failed: Only part of a ReadProcessMemory or WriteProcessMemory request was completed. (0x12B)
[0317/192328.894:WARNING:pe_image_reader.cc(340)] could not read dos header from C:\WINDOWS\SYSTEM32\CRYPTBASE.DLL
[0317/192328.894:ERROR:process_memory_win.cc(73)] ReadMemory at 0x7ff7b1280000 of 64 bytes failed: Only part of a ReadProcessMemory or WriteProcessMemory request was completed. (0x12B)
[0317/192328.894:WARNING:pe_image_reader.cc(340)] could not read dos header from C:\Program Files (x86)\Google\Chrome\Application\chrome.exe
[0317/192328.895:ERROR:process_memory_win.cc(73)] ReadMemory at 0x7ffa356e0000 of 64 bytes failed: Only part of a ReadProcessMemory or WriteProcessMemory request was completed. (0x12B)
[0317/192328.895:WARNING:pe_image_reader.cc(340)] could not read dos header from C:\WINDOWS\SYSTEM32\ntdll.dll
[0317/192328.895:ERROR:process_memory_win.cc(73)] ReadMemory at 0x7ffa34f70000 of 64 bytes failed: Only part of a ReadProcessMemory or WriteProcessMemory request was completed. (0x12B)
[0317/192328.895:WARNING:pe_image_reader.cc(340)] could not read dos header from C:\WINDOWS\System32\KERNEL32.DLL
[0317/192328.895:ERROR:process_memory_win.cc(73)] ReadMemory at 0x7ffa32df0000 of 64 bytes failed: Only part of a ReadProcessMemory or WriteProcessMemory request was completed. (0x12B)
[0317/192328.895:WARNING:pe_image_reader.cc(340)] could not read dos header from C:\WINDOWS\System32\KERNELBASE.dll
[0317/192328.895:ERROR:process_memory_win.cc(73)] ReadMemory at 0x7ffa12a90000 of 64 bytes failed: Only part of a ReadProcessMemory or WriteProcessMemory request was completed. (0x12B)
[0317/192328.895:WARNING:pe_image_reader.cc(340)] could not read dos header from C:\Program Files (x86)\Google\Chrome\Application\80.0.3987.132\chrome_elf.dll
[0317/192328.895:ERROR:process_memory_win.cc(73)] ReadMemory at 0x7ffa27270000 of 64 bytes failed: Only part of a ReadProcessMemory or WriteProcessMemory request was completed. (0x12B)
[0317/192328.895:WARNING:pe_image_reader.cc(340)] could not read dos header from C:\WINDOWS\SYSTEM32\VERSION.dll
[0317/192328.895:ERROR:process_memory_win.cc(73)] ReadMemory at 0x7ffa338b0000 of 64 bytes failed: Only part of a ReadProcessMemory or WriteProcessMemory request was completed. (0x12B)
[0317/192328.895:WARNING:pe_image_reader.cc(340)] could not read dos header from C:\WINDOWS\System32\msvcrt.dll
[0317/192328.896:ERROR:process_memory_win.cc(73)] ReadMemory at 0x7ffa336b0000 of 64 bytes failed: Only part of a ReadProcessMemory or WriteProcessMemory request was completed. (0x12B)
[0317/192328.896:WARNING:pe_image_reader.cc(340)] could not read dos header from C:\WINDOWS\System32\bcryptPrimitives.dll
[0317/192328.896:ERROR:process_memory_win.cc(73)] ReadMemory at 0x7ffa34d20000 of 64 bytes failed: Only part of a ReadProcessMemory or WriteProcessMemory request was completed. (0x12B)
[0317/192328.896:WARNING:pe_image_reader.cc(340)] could not read dos header from C:\WINDOWS\System32\ADVAPI32.dll
[0317/192328.896:ERROR:process_memory_win.cc(73)] ReadMemory at 0x7ffa34720000 of 64 bytes failed: Only part of a ReadProcessMemory or WriteProcessMemory request was completed. (0x12B)
[0317/192328.896:WARNING:pe_image_reader.cc(340)] could not read dos header from C:\WINDOWS\System32\sechost.dll
[0317/192328.896:ERROR:process_memory_win.cc(73)] ReadMemory at 0x7ffa33790000 of 64 bytes failed: Only part of a ReadProcessMemory or WriteProcessMemory request was completed. (0x12B)
[0317/192328.896:WARNING:pe_image_reader.cc(340)] could not read dos header from C:\WINDOWS\System32\RPCRT4.dll
[0317/192328.896:ERROR:process_memory_win.cc(73)] ReadMemory at 0x7ff9e2e00000 of 64 bytes failed: Only part of a ReadProcessMemory or WriteProcessMemory request was completed. (0x12B)
[0317/192328.896:WARNING:pe_image_reader.cc(340)] could not read dos header from C:\Program Files (x86)\Google\Chrome\Application\80.0.3987.132\chrome.dll
[0317/192328.896:ERROR:process_memory_win.cc(73)] ReadMemory at 0x7ffa34c70000 of 64 bytes failed: Only part of a ReadProcessMemory or WriteProcessMemory request was completed. (0x12B)
[0317/192328.897:WARNING:pe_image_reader.cc(340)] could not read dos header from C:\WINDOWS\System32\WS2_32.dll
[0317/192328.897:ERROR:process_memory_win.cc(73)] ReadMemory at 0x7ffa35160000 of 64 bytes failed: Only part of a ReadProcessMemory or WriteProcessMemory request was completed. (0x12B)
[0317/192328.897:WARNING:pe_image_reader.cc(340)] could not read dos header from C:\WINDOWS\System32\OLEAUT32.dll
[0317/192328.897:ERROR:process_memory_win.cc(73)] ReadMemory at 0x7ffa33390000 of 64 bytes failed: Only part of a ReadProcessMemory or WriteProcessMemory request was completed. (0x12B)
[0317/192328.897:WARNING:pe_image_reader.cc(340)] could not read dos header from C:\WINDOWS\System32\msvcp_win.dll
[0317/192328.897:ERROR:process_memory_win.cc(73)] ReadMemory at 0x7ffa335b0000 of 64 bytes failed: Only part of a ReadProcessMemory or WriteProcessMemory request was completed. (0x12B)
[0317/192328.897:WARNING:pe_image_reader.cc(340)] could not read dos header from C:\WINDOWS\System32\ucrtbase.dll
[0317/192328.897:ERROR:process_memory_win.cc(73)] ReadMemory at 0x7ffa33ac0000 of 64 bytes failed: Only part of a ReadProcessMemory or WriteProcessMemory request was completed. (0x12B)
[0317/192328.897:WARNING:pe_image_reader.cc(340)] could not read dos header from C:\WINDOWS\System32\combase.dll
[0317/192328.897:ERROR:process_memory_win.cc(73)] ReadMemory at 0x7ffa33730000 of 64 bytes failed: Only part of a ReadProcessMemory or WriteProcessMemory request was completed. (0x12B)
[0317/192328.898:WARNING:pe_image_reader.cc(340)] could not read dos header from C:\WINDOWS\System32\WINTRUST.dll
[0317/192328.898:ERROR:process_memory_win.cc(73)] ReadMemory at 0x7ffa32620000 of 64 bytes failed: Only part of a ReadProcessMemory or WriteProcessMemory request was completed. (0x12B)
[0317/192328.898:WARNING:pe_image_reader.cc(340)] could not read dos header from C:\WINDOWS\System32\MSASN1.dll
[0317/192328.898:ERROR:process_memory_win.cc(73)] ReadMemory at 0x7ffa330a0000 of 64 bytes failed: Only part of a ReadProcessMemory or WriteProcessMemory request was completed. (0x12B)
[0317/192328.898:WARNING:pe_image_reader.cc(340)] could not read dos header from C:\WINDOWS\System32\CRYPT32.dll
[0317/192328.898:ERROR:process_memory_win.cc(73)] ReadMemory at 0x7ffa31b20000 of 64 bytes failed: Only part of a ReadProcessMemory or WriteProcessMemory request was completed. (0x12B)
[0317/192328.898:WARNING:pe_image_reader.cc(340)] could not read dos header from C:\WINDOWS\SYSTEM32\IPHLPAPI.DLL
[0317/192328.898:ERROR:process_memory_win.cc(73)] ReadMemory at 0x7ffa2fc60000 of 64 bytes failed: Only part of a ReadProcessMemory or WriteProcessMemory request was completed. (0x12B)
[0317/192328.898:WARNING:pe_image_reader.cc(340)] could not read dos header from C:\WINDOWS\SYSTEM32\WINMM.dll
[0317/192328.898:ERROR:process_memory_win.cc(73)] ReadMemory at 0x7ffa1e660000 of 64 bytes failed: Only part of a ReadProcessMemory or WriteProcessMemory request was completed. (0x12B)
[0317/192328.898:WARNING:pe_image_reader.cc(340)] could not read dos header from C:\WINDOWS\SYSTEM32\Secur32.dll
[0317/192328.898:ERROR:process_memory_win.cc(73)] ReadMemory at 0x7ffa324c0000 of 64 bytes failed: Only part of a ReadProcessMemory or WriteProcessMemory request was completed. (0x12B)
[0317/192328.898:WARNING:pe_image_reader.cc(340)] could not read dos header from C:\WINDOWS\SYSTEM32\USERENV.dll
[0317/192328.898:ERROR:process_memory_win.cc(73)] ReadMemory at 0x7ffa32640000 of 64 bytes failed: Only part of a ReadProcessMemory or WriteProcessMemory request was completed. (0x12B)
[0317/192328.898:WARNING:pe_image_reader.cc(340)] could not read dos header from C:\WINDOWS\System32\profapi.dll
[0317/192328.898:ERROR:process_memory_win.cc(73)] ReadMemory at 0x7ffa008b0000 of 64 bytes failed: Only part of a ReadProcessMemory or WriteProcessMemory request was completed. (0x12B)
[0317/192328.898:WARNING:pe_image_reader.cc(340)] could not read dos header from C:\WINDOWS\SYSTEM32\UIAutomationCore.DLL
[0317/192328.898:ERROR:process_memory_win.cc(73)] ReadMemory at 0x7ffa0fcf0000 of 64 bytes failed: Only part of a ReadProcessMemory or WriteProcessMemory request was completed. (0x12B)
[0317/192328.899:WARNING:pe_image_reader.cc(340)] could not read dos header from C:\WINDOWS\SYSTEM32\DWrite.dll
[0317/192328.899:ERROR:process_memory_win.cc(73)] ReadMemory at 0x7ffa20660000 of 64 bytes failed: Only part of a ReadProcessMemory or WriteProcessMemory request was completed. (0x12B)
[0317/192328.899:WARNING:pe_image_reader.cc(340)] could not read dos header from C:\WINDOWS\SYSTEM32\WINSPOOL.DRV
[0317/192328.899:ERROR:process_memory_win.cc(73)] ReadMemory at 0x7ffa325b0000 of 64 bytes failed: Only part of a ReadProcessMemory or WriteProcessMemory request was completed. (0x12B)
[0317/192328.899:WARNING:pe_image_reader.cc(340)] could not read dos header from C:\WINDOWS\System32\kernel.appcore.dll
[0317/192328.899:ERROR:process_memory_win.cc(73)] ReadMemory at 0x7ffa33530000 of 64 bytes failed: Only part of a ReadProcessMemory or WriteProcessMemory request was completed. (0x12B)
[0317/192328.899:WARNING:pe_image_reader.cc(340)] could not read dos header from C:\WINDOWS\System32\bcrypt.dll
[0317/192328.899:ERROR:process_memory_win.cc(73)] ReadMemory at 0x7ffa30e50000 of 64 bytes failed: Only part of a ReadProcessMemory or WriteProcessMemory request was completed. (0x12B)
[0317/192328.899:WARNING:pe_image_reader.cc(340)] could not read dos header from C:\WINDOWS\SYSTEM32\dbghelp.dll
[0317/192328.899:ERROR:process_memory_win.cc(73)] ReadMemory at 0x7ffa21380000 of 64 bytes failed: Only part of a ReadProcessMemory or WriteProcessMemory request was completed. (0x12B)
[0317/192328.900:WARNING:pe_image_reader.cc(340)] could not read dos header from C:\WINDOWS\SYSTEM32\WINHTTP.dll
[0317/192328.900:ERROR:process_memory_win.cc(73)] ReadMemory at 0x7ffa24b20000 of 64 bytes failed: Only part of a ReadProcessMemory or WriteProcessMemory request was completed. (0x12B)
[0317/192328.900:WARNING:pe_image_reader.cc(340)] could not read dos header from C:\WINDOWS\SYSTEM32\dhcpcsvc.DLL
[0317/192328.900:ERROR:process_memory_win.cc(73)] ReadMemory at 0x7ffa344f0000 of 64 bytes failed: Only part of a ReadProcessMemory or WriteProcessMemory request was completed. (0x12B)
[0317/192328.900:WARNING:pe_image_reader.cc(340)] could not read dos header from C:\WINDOWS\System32\NSI.dll
[0317/192328.900:ERROR:process_memory_win.cc(73)] ReadMemory at 0x7ffa2fc30000 of 64 bytes failed: Only part of a ReadProcessMemory or WriteProcessMemory request was completed. (0x12B)
[0317/192328.900:WARNING:pe_image_reader.cc(340)] could not read dos header from C:\WINDOWS\SYSTEM32\WINMMBASE.dll
[0317/192328.900:ERROR:process_memory_win.cc(73)] ReadMemory at 0x7ffa33560000 of 64 bytes failed: Only part of a ReadProcessMemory or WriteProcessMemory request was completed. (0x12B)
[0317/192328.900:WARNING:pe_image_reader.cc(340)] could not read dos header from C:\WINDOWS\System32\cfgmgr32.dll
[0317/192328.900:ERROR:process_memory_win.cc(73)] ReadMemory at 0x7ffa31050000 of 64 bytes failed: Only part of a ReadProcessMemory or WriteProcessMemory request was completed. (0x12B)
[0317/192328.900:WARNING:pe_image_reader.cc(340)] could not read dos header from C:\WINDOWS\SYSTEM32\PROPSYS.dll
[0317/192328.901:ERROR:process_memory_win.cc(73)] ReadMemory at 0x7ffa34820000 of 64 bytes failed: Only part of a ReadProcessMemory or WriteProcessMemory request was completed. (0x12B)
[0317/192328.901:WARNING:pe_image_reader.cc(340)] could not read dos header from C:\WINDOWS\System32\shcore.dll
[0317/192328.901:ERROR:process_memory_win.cc(73)] ReadMemory at 0x7ffa32490000 of 64 bytes failed: Only part of a ReadProcessMemory or WriteProcessMemory request was completed. (0x12B)
[0317/192328.901:WARNING:pe_image_reader.cc(340)] could not read dos header from C:\WINDOWS\SYSTEM32\SSPICLI.DLL
[0317/192328.901:ERROR:process_memory_win.cc(73)] ReadMemory at 0x7ffa33e00000 of 64 bytes failed: Only part of a ReadProcessMemory or WriteProcessMemory request was completed. (0x12B)
[0317/192328.901:WARNING:pe_image_reader.cc(340)] could not read dos header from C:\WINDOWS\System32\SHELL32.dll
[0317/192328.901:ERROR:process_memory_win.cc(73)] ReadMemory at 0x7ffa32670000 of 64 bytes failed: Only part of a ReadProcessMemory or WriteProcessMemory request was completed. (0x12B)
[0317/192328.901:WARNING:pe_image_reader.cc(340)] could not read dos header from C:\WINDOWS\System32\windows.storage.dll
[0317/192328.901:ERROR:process_memory_win.cc(73)] ReadMemory at 0x7ffa325d0000 of 64 bytes failed: Only part of a ReadProcessMemory or WriteProcessMemory request was completed. (0x12B)
[0317/192328.901:WARNING:pe_image_reader.cc(340)] could not read dos header from C:\WINDOWS\System32\powrprof.dll
[0317/192328.901:ERROR:process_memory_win.cc(73)] ReadMemory at 0x7ffa325a0000 of 64 bytes failed: Only part of a ReadProcessMemory or WriteProcessMemory request was completed. (0x12B)
[0317/192328.901:WARNING:pe_image_reader.cc(340)] could not read dos header from C:\WINDOWS\System32\UMPDC.dll
[0317/192328.901:ERROR:process_memory_win.cc(73)] ReadMemory at 0x7ffa347c0000 of 64 bytes failed: Only part of a ReadProcessMemory or WriteProcessMemory request was completed. (0x12B)
[0317/192328.901:WARNING:pe_image_reader.cc(340)] could not read dos header from C:\WINDOWS\System32\shlwapi.dll
[0317/192328.901:ERROR:process_memory_win.cc(73)] ReadMemory at 0x7ffa33a90000 of 64 bytes failed: Only part of a ReadProcessMemory or WriteProcessMemory request was completed. (0x12B)
[0317/192328.901:WARNING:pe_image_reader.cc(340)] could not read dos header from C:\WINDOWS\System32\GDI32.dll
[0317/192328.901:ERROR:process_memory_win.cc(73)] ReadMemory at 0x7ffa33430000 of 64 bytes failed: Only part of a ReadProcessMemory or WriteProcessMemory request was completed. (0x12B)
[0317/192328.901:WARNING:pe_image_reader.cc(340)] could not read dos header from C:\WINDOWS\System32\win32u.dll
[0317/192328.901:ERROR:process_memory_win.cc(73)] ReadMemory at 0x7ffa331f0000 of 64 bytes failed: Only part of a ReadProcessMemory or WriteProcessMemory request was completed. (0x12B)
[0317/192328.901:WARNING:pe_image_reader.cc(340)] could not read dos header from C:\WINDOWS\System32\gdi32full.dll
[0317/192328.901:ERROR:process_memory_win.cc(73)] ReadMemory at 0x7ffa34dd0000 of 64 bytes failed: Only part of a ReadProcessMemory or WriteProcessMemory request was completed. (0x12B)
[0317/192328.901:WARNING:pe_image_reader.cc(340)] could not read dos header from C:\WINDOWS\System32\USER32.dll
[0317/192328.901:ERROR:process_memory_win.cc(73)] ReadMemory at 0x7ffa33460000 of 64 bytes failed: Only part of a ReadProcessMemory or WriteProcessMemory request was completed. (0x12B)
[0317/192328.902:WARNING:pe_image_reader.cc(340)] could not read dos header from C:\WINDOWS\System32\cryptsp.dll
[0317/192328.902:ERROR:process_memory_win.cc(73)] ReadMemory at 0x7ffa34ce0000 of 64 bytes failed: Only part of a ReadProcessMemory or WriteProcessMemory request was completed. (0x12B)
[0317/192328.902:WARNING:pe_image_reader.cc(340)] could not read dos header from C:\WINDOWS\System32\IMM32.DLL
[0317/192328.902:ERROR:process_memory_win.cc(73)] ReadMemory at 0x7ffa31fe0000 of 64 bytes failed: Only part of a ReadProcessMemory or WriteProcessMemory request was completed. (0x12B)
[0317/192328.902:WARNING:pe_image_reader.cc(340)] could not read dos header from C:\WINDOWS\SYSTEM32\CRYPTBASE.DLL
[0317/192328.926:ERROR:process_memory_win.cc(73)] ReadMemory at 0x5d1a3f9000 of 28672 bytes failed: Only part of a ReadProcessMemory or WriteProcessMemory request was completed. (0x12B)
[0317/192328.926:ERROR:process_memory_win.cc(73)] ReadMemory at 0x5d1abfd000 of 12288 bytes failed: Only part of a ReadProcessMemory or WriteProcessMemory request was completed. (0x12B)
[0317/192328.926:ERROR:process_memory_win.cc(73)] ReadMemory at 0x5d1b3fc000 of 16384 bytes failed: Only part of a ReadProcessMemory or WriteProcessMemory request was completed. (0x12B)
[0317/192328.926:ERROR:process_memory_win.cc(73)] ReadMemory at 0x5d1bbfc000 of 16384 bytes failed: Only part of a ReadProcessMemory or WriteProcessMemory request was completed. (0x12B)
[0317/192328.926:ERROR:process_memory_win.cc(73)] ReadMemory at 0x5d1c3fb000 of 20480 bytes failed: Only part of a ReadProcessMemory or WriteProcessMemory request was completed. (0x12B)
[0317/192328.926:ERROR:process_memory_win.cc(73)] ReadMemory at 0x5d1cbfe000 of 8192 bytes failed: Only part of a ReadProcessMemory or WriteProcessMemory request was completed. (0x12B)
[0317/192328.926:ERROR:process_memory_win.cc(73)] ReadMemory at 0x5d1d3fd000 of 12288 bytes failed: Only part of a ReadProcessMemory or WriteProcessMemory request was completed. (0x12B)
[0317/192328.926:ERROR:process_memory_win.cc(73)] ReadMemory at 0x5d1dbfb000 of 20480 bytes failed: Only part of a ReadProcessMemory or WriteProcessMemory request was completed. (0x12B)
[0317/192328.926:ERROR:process_memory_win.cc(73)] ReadMemory at 0x5d1e3fd000 of 12288 bytes failed: Only part of a ReadProcessMemory or WriteProcessMemory request was completed. (0x12B)
[0317/192328.927:ERROR:process_memory_win.cc(73)] ReadMemory at 0x5d1ebfd000 of 12288 bytes failed: Only part of a ReadProcessMemory or WriteProcessMemory request was completed. (0x12B)
[0317/192328.927:ERROR:process_memory_win.cc(73)] ReadMemory at 0x5d1f3fd000 of 12288 bytes failed: Only part of a ReadProcessMemory or WriteProcessMemory request was completed. (0x12B)
[0317/192328.928:ERROR:process_memory_win.cc(73)] ReadMemory at 0x5d1fbfd000 of 12288 bytes failed: Only part of a ReadProcessMemory or WriteProcessMemory request was completed. (0x12B)
[0317/192328.928:ERROR:process_memory_win.cc(73)] ReadMemory at 0x5d203fd000 of 12288 bytes failed: Only part of a ReadProcessMemory or WriteProcessMemory request was completed. (0x12B)
[0317/192328.928:ERROR:process_memory_win.cc(73)] ReadMemory at 0x5d20bfd000 of 12288 bytes failed: Only part of a ReadProcessMemory or WriteProcessMemory request was completed. (0x12B)
[0317/192328.928:ERROR:process_memory_win.cc(73)] ReadMemory at 0x5d213fd000 of 12288 bytes failed: Only part of a ReadProcessMemory or WriteProcessMemory request was completed. (0x12B)
[0317/192328.928:ERROR:process_memory_win.cc(73)] ReadMemory at 0x5d21bfd000 of 12288 bytes failed: Only part of a ReadProcessMemory or WriteProcessMemory request was completed. (0x12B)
[0317/192328.928:ERROR:process_memory_win.cc(73)] ReadMemory at 0x5d223fd000 of 12288 bytes failed: Only part of a ReadProcessMemory or WriteProcessMemory request was completed. (0x12B)
[0317/192328.928:ERROR:process_memory_win.cc(73)] ReadMemory at 0x5d19b90000 of 852 bytes failed: Only part of a ReadProcessMemory or WriteProcessMemory request was completed. (0x12B)
[0317/192328.928:ERROR:process_memory_win.cc(73)] ReadMemory at 0x5d19b91000 of 6024 bytes failed: Only part of a ReadProcessMemory or WriteProcessMemory request was completed. (0x12B)
[0317/192328.928:ERROR:process_memory_win.cc(73)] ReadMemory at 0x5d19b93000 of 6024 bytes failed: Only part of a ReadProcessMemory or WriteProcessMemory request was completed. (0x12B)
[0317/192328.928:ERROR:process_memory_win.cc(73)] ReadMemory at 0x5d19b95000 of 6024 bytes failed: Only part of a ReadProcessMemory or WriteProcessMemory request was completed. (0x12B)
[0317/192328.929:ERROR:process_memory_win.cc(73)] ReadMemory at 0x5d19b97000 of 6024 bytes failed: Only part of a ReadProcessMemory or WriteProcessMemory request was completed. (0x12B)
[0317/192328.929:ERROR:process_memory_win.cc(73)] ReadMemory at 0x5d19b99000 of 6024 bytes failed: Only part of a ReadProcessMemory or WriteProcessMemory request was completed. (0x12B)
[0317/192328.929:ERROR:process_memory_win.cc(73)] ReadMemory at 0x5d19b9b000 of 6024 bytes failed: Only part of a ReadProcessMemory or WriteProcessMemory request was completed. (0x12B)
[0317/192328.929:ERROR:process_memory_win.cc(73)] ReadMemory at 0x5d19b9d000 of 6024 bytes failed: Only part of a ReadProcessMemory or WriteProcessMemory request was completed. (0x12B)
[0317/192328.929:ERROR:process_memory_win.cc(73)] ReadMemory at 0x5d19b9f000 of 6024 bytes failed: Only part of a ReadProcessMemory or WriteProcessMemory request was completed. (0x12B)
[0317/192328.929:ERROR:process_memory_win.cc(73)] ReadMemory at 0x5d19ba1000 of 6024 bytes failed: Only part of a ReadProcessMemory or WriteProcessMemory request was completed. (0x12B)
[0317/192328.929:ERROR:process_memory_win.cc(73)] ReadMemory at 0x5d19ba3000 of 6024 bytes failed: Only part of a ReadProcessMemory or WriteProcessMemory request was completed. (0x12B)
[0317/192328.930:ERROR:process_memory_win.cc(73)] ReadMemory at 0x5d19ba5000 of 6024 bytes failed: Only part of a ReadProcessMemory or WriteProcessMemory request was completed. (0x12B)
[0317/192328.930:ERROR:process_memory_win.cc(73)] ReadMemory at 0x5d19ba7000 of 6024 bytes failed: Only part of a ReadProcessMemory or WriteProcessMemory request was completed. (0x12B)
[0317/192328.930:ERROR:process_memory_win.cc(73)] ReadMemory at 0x5d19ba9000 of 6024 bytes failed: Only part of a ReadProcessMemory or WriteProcessMemory request was completed. (0x12B)
[0317/192328.930:ERROR:process_memory_win.cc(73)] ReadMemory at 0x5d19bab000 of 6024 bytes failed: Only part of a ReadProcessMemory or WriteProcessMemory request was completed. (0x12B)
[0317/192328.930:ERROR:process_memory_win.cc(73)] ReadMemory at 0x5d19bad000 of 6024 bytes failed: Only part of a ReadProcessMemory or WriteProcessMemory request was completed. (0x12B)
[0317/192328.930:ERROR:process_memory_win.cc(73)] ReadMemory at 0x5d19baf000 of 6024 bytes failed: Only part of a ReadProcessMemory or WriteProcessMemory request was completed. (0x12B)
[0317/192328.930:ERROR:process_memory_win.cc(73)] ReadMemory at 0x5d19bb1000 of 6024 bytes failed: Only part of a ReadProcessMemory or WriteProcessMemory request was completed. (0x12B)
[0317/192328.930:ERROR:process_memory_win.cc(73)] ReadMemory at 0x1cc00061cc0 of 512 bytes failed: Only part of a ReadProcessMemory or WriteProcessMemory request was completed. (0x12B)
[0317/192328.930:ERROR:process_memory_win.cc(73)] ReadMemory at 0x1cc00199af0 of 512 bytes failed: Only part of a ReadProcessMemory or WriteProcessMemory request was completed. (0x12B)
[0317/192328.930:ERROR:process_memory_win.cc(73)] ReadMemory at 0x1cc001b0b50 of 512 bytes failed: Only part of a ReadProcessMemory or WriteProcessMemory request was completed. (0x12B)
[0317/192328.931:ERROR:process_memory_win.cc(73)] ReadMemory at 0x1cc001b3f90 of 512 bytes failed: Only part of a ReadProcessMemory or WriteProcessMemory request was completed. (0x12B)
[0317/192328.931:ERROR:process_memory_win.cc(73)] ReadMemory at 0x1cc001b9fc0 of 512 bytes failed: Only part of a ReadProcessMemory or WriteProcessMemory request was completed. (0x12B)
[0317/192328.931:ERROR:process_memory_win.cc(73)] ReadMemory at 0x1cc001d26b0 of 712 bytes failed: Only part of a ReadProcessMemory or WriteProcessMemory request was completed. (0x12B)
[0317/192328.931:ERROR:process_memory_win.cc(73)] ReadMemory at 0x1cc001d76a8 of 512 bytes failed: Only part of a ReadProcessMemory or WriteProcessMemory request was completed. (0x12B)
[0317/192328.931:ERROR:process_memory_win.cc(73)] ReadMemory at 0x1cc001d7a08 of 512 bytes failed: Only part of a ReadProcessMemory or WriteProcessMemory request was completed. (0x12B)
[0317/192328.931:ERROR:process_memory_win.cc(73)] ReadMemory at 0x1cc001d7cd8 of 512 bytes failed: Only part of a ReadProcessMemory or WriteProcessMemory request was completed. (0x12B)
[0317/192328.932:ERROR:process_memory_win.cc(73)] ReadMemory at 0x1cc001d8c08 of 512 bytes failed: Only part of a ReadProcessMemory or WriteProcessMemory request was completed. (0x12B)
[0317/192328.932:ERROR:process_memory_win.cc(73)] ReadMemory at 0x1cc001d8ed8 of 512 bytes failed: Only part of a ReadProcessMemory or WriteProcessMemory request was completed. (0x12B)
[0317/192328.932:ERROR:process_memory_win.cc(73)] ReadMemory at 0x1cc021a0000 of 384 bytes failed: Only part of a ReadProcessMemory or WriteProcessMemory request was completed. (0x12B)
[0317/192328.932:ERROR:process_memory_win.cc(73)] ReadMemory at 0x1cc021bf3c0 of 512 bytes failed: Only part of a ReadProcessMemory or WriteProcessMemory request was completed. (0x12B)
[0317/192328.932:ERROR:process_memory_win.cc(73)] ReadMemory at 0x1cc021ca1a8 of 512 bytes failed: Only part of a ReadProcessMemory or WriteProcessMemory request was completed. (0x12B)
[0317/192328.932:ERROR:process_memory_win.cc(73)] ReadMemory at 0x1cc0228e140 of 512 bytes failed: Only part of a ReadProcessMemory or WriteProcessMemory request was completed. (0x12B)
[0317/192328.932:ERROR:process_memory_win.cc(73)] ReadMemory at 0x1cc022f6148 of 512 bytes failed: Only part of a ReadProcessMemory or WriteProcessMemory request was completed. (0x12B)
[0317/192328.932:ERROR:process_memory_win.cc(73)] ReadMemory at 0x1cc7c690750 of 80 bytes failed: Only part of a ReadProcessMemory or WriteProcessMemory request was completed. (0x12B)
[0317/192328.932:ERROR:process_memory_win.cc(73)] ReadMemory at 0x1cc7c690fe0 of 7386 bytes failed: Only part of a ReadProcessMemory or WriteProcessMemory request was completed. (0x12B)
[0317/192328.932:ERROR:process_memory_win.cc(73)] ReadMemory at 0x1cc7c692cd0 of 1012 bytes failed: Only part of a ReadProcessMemory or WriteProcessMemory request was completed. (0x12B)
[0317/192328.932:ERROR:process_memory_win.cc(73)] ReadMemory at 0x1cc7c693318 of 118 bytes failed: Only part of a ReadProcessMemory or WriteProcessMemory request was completed. (0x12B)
[0317/192328.932:ERROR:process_memory_win.cc(73)] ReadMemory at 0x1cc7c693390 of 1302 bytes failed: Only part of a ReadProcessMemory or WriteProcessMemory request was completed. (0x12B)
[0317/192328.932:ERROR:process_memory_win.cc(73)] ReadMemory at 0x1cc7c6938a8 of 118 bytes failed: Only part of a ReadProcessMemory or WriteProcessMemory request was completed. (0x12B)
[0317/192328.933:ERROR:process_memory_win.cc(73)] ReadMemory at 0x1cc7c693920 of 94 bytes failed: Only part of a ReadProcessMemory or WriteProcessMemory request was completed. (0x12B)
[0317/192328.934:ERROR:process_memory_win.cc(73)] ReadMemory at 0x1cc7c693990 of 58 bytes failed: Only part of a ReadProcessMemory or WriteProcessMemory request was completed. (0x12B)
[0317/192328.934:ERROR:process_memory_win.cc(73)] ReadMemory at 0x1cc7c693a90 of 132 bytes failed: Only part of a ReadProcessMemory or WriteProcessMemory request was completed. (0x12B)
[0317/192328.934:ERROR:process_memory_win.cc(73)] ReadMemory at 0x1cc7c693c20 of 132 bytes failed: Only part of a ReadProcessMemory or WriteProcessMemory request was completed. (0x12B)
[0317/192328.934:ERROR:process_memory_win.cc(73)] ReadMemory at 0x1cc7c693de0 of 126 bytes failed: Only part of a ReadProcessMemory or WriteProcessMemory request was completed. (0x12B)
[0317/192328.934:ERROR:process_memory_win.cc(73)] ReadMemory at 0x1cc7c6941c0 of 132 bytes failed: Only part of a ReadProcessMemory or WriteProcessMemory request was completed. (0x12B)
[0317/192328.934:ERROR:process_memory_win.cc(73)] ReadMemory at 0x1cc7c694350 of 64 bytes failed: Only part of a ReadProcessMemory or WriteProcessMemory request was completed. (0x12B)
[0317/192328.934:ERROR:process_memory_win.cc(73)] ReadMemory at 0x1cc7c694510 of 132 bytes failed: Only part of a ReadProcessMemory or WriteProcessMemory request was completed. (0x12B)
[0317/192328.934:ERROR:process_memory_win.cc(73)] ReadMemory at 0x1cc7c6947b0 of 132 bytes failed: Only part of a ReadProcessMemory or WriteProcessMemory request was completed. (0x12B)
[0317/192328.934:ERROR:process_memory_win.cc(73)] ReadMemory at 0x1cc7c694940 of 68 bytes failed: Only part of a ReadProcessMemory or WriteProcessMemory request was completed. (0x12B)
[0317/192328.934:ERROR:process_memory_win.cc(73)] ReadMemory at 0x1cc7c695b20 of 132 bytes failed: Only part of a ReadProcessMemory or WriteProcessMemory request was completed. (0x12B)
[0317/192328.934:ERROR:process_memory_win.cc(73)] ReadMemory at 0x1cc7c695cb0 of 154 bytes failed: Only part of a ReadProcessMemory or WriteProcessMemory request was completed. (0x12B)
[0317/192328.934:ERROR:process_memory_win.cc(73)] ReadMemory at 0x1cc7c69684c of 512 bytes failed: Only part of a ReadProcessMemory or WriteProcessMemory request was completed. (0x12B)
[0317/192328.934:ERROR:process_memory_win.cc(73)] ReadMemory at 0x1cc7c696d50 of 132 bytes failed: Only part of a ReadProcessMemory or WriteProcessMemory request was completed. (0x12B)
[0317/192328.934:ERROR:process_memory_win.cc(73)] ReadMemory at 0x1cc7c698700 of 62 bytes failed: Only part of a ReadProcessMemory or WriteProcessMemory request was completed. (0x12B)
[0317/192328.934:ERROR:process_memory_win.cc(73)] ReadMemory at 0x1cc7c698750 of 132 bytes failed: Only part of a ReadProcessMemory or WriteProcessMemory request was completed. (0x12B)
[0317/192328.934:ERROR:process_memory_win.cc(73)] ReadMemory at 0x1cc7c6988f0 of 132 bytes failed: Only part of a ReadProcessMemory or WriteProcessMemory request was completed. (0x12B)
[0317/192328.934:ERROR:process_memory_win.cc(73)] ReadMemory at 0x1cc7c698a20 of 60 bytes failed: Only part of a ReadProcessMemory or WriteProcessMemory request was completed. (0x12B)
[0317/192328.934:ERROR:process_memory_win.cc(73)] ReadMemory at 0x1cc7c699030 of 132 bytes failed: Only part of a ReadProcessMemory or WriteProcessMemory request was completed. (0x12B)
[0317/192328.934:ERROR:process_memory_win.cc(73)] ReadMemory at 0x1cc7c69c020 of 60 bytes failed: Only part of a ReadProcessMemory or WriteProcessMemory request was completed. (0x12B)
[0317/192328.934:ERROR:process_memory_win.cc(73)] ReadMemory at 0x1cc7c69c2f0 of 60 bytes failed: Only part of a ReadProcessMemory or WriteProcessMemory request was completed. (0x12B)
[0317/192328.934:ERROR:process_memory_win.cc(73)] ReadMemory at 0x1cc7c69c390 of 64 bytes failed: Only part of a ReadProcessMemory or WriteProcessMemory request was completed. (0x12B)
[0317/192328.935:ERROR:process_memory_win.cc(73)] ReadMemory at 0x1cc7c69c3e0 of 62 bytes failed: Only part of a ReadProcessMemory or WriteProcessMemory request was completed. (0x12B)
[0317/192328.936:ERROR:process_memory_win.cc(73)] ReadMemory at 0x1cc7c69c430 of 64 bytes failed: Only part of a ReadProcessMemory or WriteProcessMemory request was completed. (0x12B)
[0317/192328.936:ERROR:process_memory_win.cc(73)] ReadMemory at 0x1cc7c69c4d0 of 66 bytes failed: Only part of a ReadProcessMemory or WriteProcessMemory request was completed. (0x12B)
[0317/192328.936:ERROR:process_memory_win.cc(73)] ReadMemory at 0x1cc7c69c520 of 64 bytes failed: Only part of a ReadProcessMemory or WriteProcessMemory request was completed. (0x12B)
[0317/192328.936:ERROR:process_memory_win.cc(73)] ReadMemory at 0x1cc7c69c570 of 62 bytes failed: Only part of a ReadProcessMemory or WriteProcessMemory request was completed. (0x12B)
[0317/192328.936:ERROR:process_memory_win.cc(73)] ReadMemory at 0x1cc7c69c610 of 64 bytes failed: Only part of a ReadProcessMemory or WriteProcessMemory request was completed. (0x12B)
[0317/192328.936:ERROR:process_memory_win.cc(73)] ReadMemory at 0x1cc7c69c900 of 80 bytes failed: Only part of a ReadProcessMemory or WriteProcessMemory request was completed. (0x12B)
[0317/192328.936:ERROR:process_memory_win.cc(73)] ReadMemory at 0x1cc7c69c960 of 78 bytes failed: Only part of a ReadProcessMemory or WriteProcessMemory request was completed. (0x12B)
[0317/192328.936:ERROR:process_memory_win.cc(73)] ReadMemory at 0x1cc7c69ccc0 of 76 bytes failed: Only part of a ReadProcessMemory or WriteProcessMemory request was completed. (0x12B)
[0317/192328.936:ERROR:process_memory_win.cc(73)] ReadMemory at 0x1cc7c69dae0 of 64 bytes failed: Only part of a ReadProcessMemory or WriteProcessMemory request was completed. (0x12B)
[0317/192328.936:ERROR:process_memory_win.cc(73)] ReadMemory at 0x1cc7c69db80 of 64 bytes failed: Only part of a ReadProcessMemory or WriteProcessMemory request was completed. (0x12B)
[0317/192328.936:ERROR:process_memory_win.cc(73)] ReadMemory at 0x1cc7c69dbd0 of 62 bytes failed: Only part of a ReadProcessMemory or WriteProcessMemory request was completed. (0x12B)
[0317/192328.936:ERROR:process_memory_win.cc(73)] ReadMemory at 0x1cc7c69dc20 of 62 bytes failed: Only part of a ReadProcessMemory or WriteProcessMemory request was completed. (0x12B)
[0317/192328.936:ERROR:process_memory_win.cc(73)] ReadMemory at 0x1cc7c69dc70 of 60 bytes failed: Only part of a ReadProcessMemory or WriteProcessMemory request was completed. (0x12B)
[0317/192328.936:ERROR:process_memory_win.cc(73)] ReadMemory at 0x1cc7c69ddb0 of 60 bytes failed: Only part of a ReadProcessMemory or WriteProcessMemory request was completed. (0x12B)
[0317/192328.937:ERROR:process_memory_win.cc(73)] ReadMemory at 0x1cc7c69de00 of 62 bytes failed: Only part of a ReadProcessMemory or WriteProcessMemory request was completed. (0x12B)
[0317/192328.937:ERROR:process_memory_win.cc(73)] ReadMemory at 0x1cc7c69e120 of 62 bytes failed: Only part of a ReadProcessMemory or WriteProcessMemory request was completed. (0x12B)
[0317/192328.937:ERROR:process_memory_win.cc(73)] ReadMemory at 0x1cc7c69e260 of 64 bytes failed: Only part of a ReadProcessMemory or WriteProcessMemory request was completed. (0x12B)
[0317/192328.937:ERROR:process_memory_win.cc(73)] ReadMemory at 0x1cc7c69e300 of 62 bytes failed: Only part of a ReadProcessMemory or WriteProcessMemory request was completed. (0x12B)
[0317/192328.937:ERROR:process_memory_win.cc(73)] ReadMemory at 0x1cc7c69e3f0 of 60 bytes failed: Only part of a ReadProcessMemory or WriteProcessMemory request was completed. (0x12B)
[0317/192328.937:ERROR:process_memory_win.cc(73)] ReadMemory at 0x1cc7c69e440 of 66 bytes failed: Only part of a ReadProcessMemory or WriteProcessMemory request was completed. (0x12B)
[0317/192328.937:ERROR:process_memory_win.cc(73)] ReadMemory at 0x1cc7c69e580 of 62 bytes failed: Only part of a ReadProcessMemory or WriteProcessMemory request was completed. (0x12B)
[0317/192328.938:ERROR:process_memory_win.cc(73)] ReadMemory at 0x1cc7c69e760 of 62 bytes failed: Only part of a ReadProcessMemory or WriteProcessMemory request was completed. (0x12B)
[0317/192328.938:ERROR:process_memory_win.cc(73)] ReadMemory at 0x1cc7c69e800 of 60 bytes failed: Only part of a ReadProcessMemory or WriteProcessMemory request was completed. (0x12B)
[0317/192328.938:ERROR:process_memory_win.cc(73)] ReadMemory at 0x1cc7c69e8a0 of 62 bytes failed: Only part of a ReadProcessMemory or WriteProcessMemory request was completed. (0x12B)
[0317/192328.938:ERROR:process_memory_win.cc(73)] ReadMemory at 0x1cc7c69e8f0 of 58 bytes failed: Only part of a ReadProcessMemory or WriteProcessMemory request was completed. (0x12B)
[0317/192328.938:ERROR:process_memory_win.cc(73)] ReadMemory at 0x1cc7c69e990 of 64 bytes failed: Only part of a ReadProcessMemory or WriteProcessMemory request was completed. (0x12B)
[0317/192328.938:ERROR:process_memory_win.cc(73)] ReadMemory at 0x1cc7c69ea30 of 62 bytes failed: Only part of a ReadProcessMemory or WriteProcessMemory request was completed. (0x12B)
[0317/192328.938:ERROR:process_memory_win.cc(73)] ReadMemory at 0x1cc7c69ff40 of 54 bytes failed: Only part of a ReadProcessMemory or WriteProcessMemory request was completed. (0x12B)
[0317/192328.938:ERROR:process_memory_win.cc(73)] ReadMemory at 0x1cc7c6a0a20 of 132 bytes failed: Only part of a ReadProcessMemory or WriteProcessMemory request was completed. (0x12B)
[0317/192328.939:ERROR:process_memory_win.cc(73)] ReadMemory at 0x1cc7c6a10c0 of 132 bytes failed: Only part of a ReadProcessMemory or WriteProcessMemory request was completed. (0x12B)
[0317/192328.939:ERROR:process_memory_win.cc(73)] ReadMemory at 0x1cc7c6a11f0 of 146 bytes failed: Only part of a ReadProcessMemory or WriteProcessMemory request was completed. (0x12B)
[0317/192328.939:ERROR:process_memory_win.cc(73)] ReadMemory at 0x1cc7c6a1ba0 of 132 bytes failed: Only part of a ReadProcessMemory or WriteProcessMemory request was completed. (0x12B)
[0317/192328.939:ERROR:process_memory_win.cc(73)] ReadMemory at 0x1cc7c6a1eb0 of 132 bytes failed: Only part of a ReadProcessMemory or WriteProcessMemory request was completed. (0x12B)
[0317/192328.939:ERROR:process_memory_win.cc(73)] ReadMemory at 0x1cc7c6a3b20 of 132 bytes failed: Only part of a ReadProcessMemory or WriteProcessMemory request was completed. (0x12B)
[0317/192328.939:ERROR:process_memory_win.cc(73)] ReadMemory at 0x1cc7c6a3d40 of 132 bytes failed: Only part of a ReadProcessMemory or WriteProcessMemory request was completed. (0x12B)
[0317/192328.939:ERROR:process_memory_win.cc(73)] ReadMemory at 0x1cc7c6a5a50 of 132 bytes failed: Only part of a ReadProcessMemory or WriteProcessMemory request was completed. (0x12B)
[0317/192328.939:ERROR:process_memory_win.cc(73)] ReadMemory at 0x1cc7c6a5d80 of 132 bytes failed: Only part of a ReadProcessMemory or WriteProcessMemory request was completed. (0x12B)
[0317/192328.940:ERROR:process_memory_win.cc(73)] ReadMemory at 0x1cc7c6a5eb0 of 132 bytes failed: Only part of a ReadProcessMemory or WriteProcessMemory request was completed. (0x12B)
[0317/192328.941:ERROR:process_memory_win.cc(73)] ReadMemory at 0x1cc7c6a6110 of 132 bytes failed: Only part of a ReadProcessMemory or WriteProcessMemory request was completed. (0x12B)
[0317/192328.941:ERROR:process_memory_win.cc(73)] ReadMemory at 0x1cc7c6a6240 of 132 bytes failed: Only part of a ReadProcessMemory or WriteProcessMemory request was completed. (0x12B)
[0317/192328.941:ERROR:process_memory_win.cc(73)] ReadMemory at 0x1cc7c6a6370 of 132 bytes failed: Only part of a ReadProcessMemory or WriteProcessMemory request was completed. (0x12B)
[0317/192328.941:ERROR:process_memory_win.cc(73)] ReadMemory at 0x1cc7c6a64a0 of 132 bytes failed: Only part of a ReadProcessMemory or WriteProcessMemory request was completed. (0x12B)
[0317/192328.941:ERROR:process_memory_win.cc(73)] ReadMemory at 0x1cc7c6a65d0 of 132 bytes failed: Only part of a ReadProcessMemory or WriteProcessMemory request was completed. (0x12B)
[0317/192328.941:ERROR:process_memory_win.cc(73)] ReadMemory at 0x1cc7c6a6700 of 132 bytes failed: Only part of a ReadProcessMemory or WriteProcessMemory request was completed. (0x12B)
[0317/192328.941:ERROR:process_memory_win.cc(73)] ReadMemory at 0x1cc7c6a6830 of 132 bytes failed: Only part of a ReadProcessMemory or WriteProcessMemory request was completed. (0x12B)
[0317/192328.941:ERROR:process_memory_win.cc(73)] ReadMemory at 0x1cc7c6a6960 of 132 bytes failed: Only part of a ReadProcessMemory or WriteProcessMemory request was completed. (0x12B)
[0317/192328.941:ERROR:process_memory_win.cc(73)] ReadMemory at 0x1cc7c6a6a90 of 132 bytes failed: Only part of a ReadProcessMemory or WriteProcessMemory request was completed. (0x12B)
[0317/192328.941:ERROR:process_memory_win.cc(73)] ReadMemory at 0x1cc7c6a6bc0 of 132 bytes failed: Only part of a ReadProcessMemory or WriteProcessMemory request was completed. (0x12B)
[0317/192328.941:ERROR:process_memory_win.cc(73)] ReadMemory at 0x1cc7c6a76f0 of 132 bytes failed: Only part of a ReadProcessMemory or WriteProcessMemory request was completed. (0x12B)
[0317/192328.941:ERROR:process_memory_win.cc(73)] ReadMemory at 0x1cc7c6a7820 of 132 bytes failed: Only part of a ReadProcessMemory or WriteProcessMemory request was completed. (0x12B)
[0317/192328.941:ERROR:process_memory_win.cc(73)] ReadMemory at 0x1cc7c6a7950 of 132 bytes failed: Only part of a ReadProcessMemory or WriteProcessMemory request was completed. (0x12B)
[0317/192328.941:ERROR:process_memory_win.cc(73)] ReadMemory at 0x1cc7c6a7a80 of 132 bytes failed: Only part of a ReadProcessMemory or WriteProcessMemory request was completed. (0x12B)
[0317/192328.942:ERROR:process_memory_win.cc(73)] ReadMemory at 0x1cc7c6a7bb0 of 132 bytes failed: Only part of a ReadProcessMemory or WriteProcessMemory request was completed. (0x12B)
[0317/192328.942:ERROR:process_memory_win.cc(73)] ReadMemory at 0x1cc7c6a7ce0 of 132 bytes failed: Only part of a ReadProcessMemory or WriteProcessMemory request was completed. (0x12B)
[0317/192328.942:ERROR:process_memory_win.cc(73)] ReadMemory at 0x1cc7c6a7e10 of 132 bytes failed: Only part of a ReadProcessMemory or WriteProcessMemory request was completed. (0x12B)
[0317/192328.942:ERROR:process_memory_win.cc(73)] ReadMemory at 0x1cc7c6a7f40 of 132 bytes failed: Only part of a ReadProcessMemory or WriteProcessMemory request was completed. (0x12B)
[0317/192328.942:ERROR:process_memory_win.cc(73)] ReadMemory at 0x1cc7c6a8070 of 132 bytes failed: Only part of a ReadProcessMemory or WriteProcessMemory request was completed. (0x12B)
[0317/192328.942:ERROR:process_memory_win.cc(73)] ReadMemory at 0x1cc7c6a8530 of 132 bytes failed: Only part of a ReadProcessMemory or WriteProcessMemory request was completed. (0x12B)
[0317/192328.943:ERROR:process_memory_win.cc(73)] ReadMemory at 0x1cc7c6a8660 of 132 bytes failed: Only part of a ReadProcessMemory or WriteProcessMemory request was completed. (0x12B)
[0317/192328.943:ERROR:process_memory_win.cc(73)] ReadMemory at 0x1cc7c6a8790 of 132 bytes failed: Only part of a ReadProcessMemory or WriteProcessMemory request was completed. (0x12B)
[0317/192328.943:ERROR:process_memory_win.cc(73)] ReadMemory at 0x1cc7c6a88c0 of 132 bytes failed: Only part of a ReadProcessMemory or WriteProcessMemory request was completed. (0x12B)
[0317/192328.943:ERROR:process_memory_win.cc(73)] ReadMemory at 0x1cc7c6a89f0 of 132 bytes failed: Only part of a ReadProcessMemory or WriteProcessMemory request was completed. (0x12B)
[0317/192328.943:ERROR:process_memory_win.cc(73)] ReadMemory at 0x1cc7c6a8b20 of 132 bytes failed: Only part of a ReadProcessMemory or WriteProcessMemory request was completed. (0x12B)
[0317/192328.943:ERROR:process_memory_win.cc(73)] ReadMemory at 0x1cc7c6a8c50 of 132 bytes failed: Only part of a ReadProcessMemory or WriteProcessMemory request was completed. (0x12B)
[0317/192328.944:ERROR:process_memory_win.cc(73)] ReadMemory at 0x1cc7c6a8d80 of 132 bytes failed: Only part of a ReadProcessMemory or WriteProcessMemory request was completed. (0x12B)
[0317/192328.944:ERROR:process_memory_win.cc(73)] ReadMemory at 0x1cc7c6a8eb0 of 132 bytes failed: Only part of a ReadProcessMemory or WriteProcessMemory request was completed. (0x12B)
[0317/192328.945:ERROR:process_memory_win.cc(73)] ReadMemory at 0x1cc7c6a8fe0 of 132 bytes failed: Only part of a ReadProcessMemory or WriteProcessMemory request was completed. (0x12B)
[0317/192328.945:ERROR:process_memory_win.cc(73)] ReadMemory at 0x1cc7c6a9110 of 132 bytes failed: Only part of a ReadProcessMemory or WriteProcessMemory request was completed. (0x12B)
[0317/192328.945:ERROR:process_memory_win.cc(73)] ReadMemory at 0x1cc7c6a94a0 of 132 bytes failed: Only part of a ReadProcessMemory or WriteProcessMemory request was completed. (0x12B)
[0317/192328.945:ERROR:process_memory_win.cc(73)] ReadMemory at 0x1cc7c6bedc0 of 58 bytes failed: Only part of a ReadProcessMemory or WriteProcessMemory request was completed. (0x12B)
[0317/192328.945:ERROR:process_memory_win.cc(73)] ReadMemory at 0x1cc7c6bf180 of 62 bytes failed: Only part of a ReadProcessMemory or WriteProcessMemory request was completed. (0x12B)
[0317/192328.945:ERROR:process_memory_win.cc(73)] ReadMemory at 0x1cc7c6bf1d0 of 58 bytes failed: Only part of a ReadProcessMemory or WriteProcessMemory request was completed. (0x12B)
[0317/192328.945:ERROR:process_memory_win.cc(73)] ReadMemory at 0x1cc7c6bf270 of 60 bytes failed: Only part of a ReadProcessMemory or WriteProcessMemory request was completed. (0x12B)
[0317/192328.945:ERROR:process_memory_win.cc(73)] ReadMemory at 0x1cc7c6bf310 of 60 bytes failed: Only part of a ReadProcessMemory or WriteProcessMemory request was completed. (0x12B)
[0317/192328.945:ERROR:process_memory_win.cc(73)] ReadMemory at 0x1cc7c6bf860 of 58 bytes failed: Only part of a ReadProcessMemory or WriteProcessMemory request was completed. (0x12B)
[0317/192328.945:ERROR:process_memory_win.cc(73)] ReadMemory at 0x1cc7c6bf950 of 64 bytes failed: Only part of a ReadProcessMemory or WriteProcessMemory request was completed. (0x12B)
[0317/192328.945:ERROR:process_memory_win.cc(73)] ReadMemory at 0x1cc7c6bfbd0 of 66 bytes failed: Only part of a ReadProcessMemory or WriteProcessMemory request was completed. (0x12B)
[0317/192328.945:ERROR:process_memory_win.cc(73)] ReadMemory at 0x1cc7c6bfd10 of 62 bytes failed: Only part of a ReadProcessMemory or WriteProcessMemory request was completed. (0x12B)
[0317/192328.946:ERROR:process_memory_win.cc(73)] ReadMemory at 0x1cc7c6c7510 of 512 bytes failed: Only part of a ReadProcessMemory or WriteProcessMemory request was completed. (0x12B)
[0317/192328.947:ERROR:process_memory_win.cc(73)] ReadMemory at 0x1cc7c6cb7b0 of 512 bytes failed: Only part of a ReadProcessMemory or WriteProcessMemory request was completed. (0x12B)
[0317/192328.947:ERROR:process_memory_win.cc(73)] ReadMemory at 0x67a92e9247a8 of 512 bytes failed: Only part of a ReadProcessMemory or WriteProcessMemory request was completed. (0x12B)
[0317/192328.947:ERROR:process_memory_win.cc(73)] ReadMemory at 0x7ff9e53b026c of 512 bytes failed: Only part of a ReadProcessMemory or WriteProcessMemory request was completed. (0x12B)
[0317/192328.947:ERROR:process_memory_win.cc(73)] ReadMemory at 0x7ff9e6143a7b of 512 bytes failed: Only part of a ReadProcessMemory or WriteProcessMemory request was completed. (0x12B)
[0317/192328.947:ERROR:process_memory_win.cc(73)] ReadMemory at 0x7ff9ea1fa310 of 512 bytes failed: Only part of a ReadProcessMemory or WriteProcessMemory request was completed. (0x12B)
[0317/192328.947:ERROR:process_memory_win.cc(73)] ReadMemory at 0x7ff9ea216d48 of 512 bytes failed: Only part of a ReadProcessMemory or WriteProcessMemory request was completed. (0x12B)
[0317/192328.947:ERROR:process_memory_win.cc(73)] ReadMemory at 0x7ffa3305b720 of 512 bytes failed: Only part of a ReadProcessMemory or WriteProcessMemory request was completed. (0x12B)
[0317/192328.947:ERROR:process_memory_win.cc(73)] ReadMemory at 0x7ffa3577c0c4 of 672 bytes failed: Only part of a ReadProcessMemory or WriteProcessMemory request was completed. (0x12B)
[0317/192328.947:ERROR:process_memory_win.cc(73)] ReadMemory at 0x7ffa3577c6c4 of 512 bytes failed: Only part of a ReadProcessMemory or WriteProcessMemory request was completed. (0x12B)
[0317/192328.947:ERROR:process_memory_win.cc(73)] ReadMemory at 0x7ffa3577f974 of 608 bytes failed: Only part of a ReadProcessMemory or WriteProcessMemory request was completed. (0x12B)
[0317/192328.947:ERROR:process_memory_win.cc(73)] ReadMemory at 0x7ffa3580c428 of 18 bytes failed: Only part of a ReadProcessMemory or WriteProcessMemory request was completed. (0x12B)
[0317/192328.948:ERROR:process_memory_win.cc(73)] ReadMemory at 0x7ffa3583f4f8 of 40 bytes failed: Only part of a ReadProcessMemory or WriteProcessMemory request was completed. (0x12B)
[0317/192328.948:ERROR:process_memory_win.cc(73)] ReadMemory at 0x7ffa3583f978 of 48 bytes failed: Only part of a ReadProcessMemory or WriteProcessMemory request was completed. (0x12B)
[0317/192328.948:ERROR:process_memory_win.cc(73)] ReadMemory at 0x7ffa358453c0 of 64 bytes failed: Only part of a ReadProcessMemory or WriteProcessMemory request was completed. (0x12B)
[0317/192328.950:ERROR:scoped_process_suspend.cc(40)] NtResumeProcess: An attempt was made to access an exiting process. (0xc000010a)
[0317/192328.952:ERROR:file_io_win.cc(161)] CreateFile C:\Users\anilg\AppData\Local\Temp\scoped_dir19120_537700117\Crashpad\settings.dat: The system cannot find the file specified. (0x2)
